[2023-03-28 08:55:42] at /myweb/login.jsp
{Malgn.encrypt} str:akfrdms09!@, algorithm:sha256 (SHA256 MessageDigest not available)
[2023-03-28 08:56:57] at /myweb/login.jsp
{Malgn.encrypt} str:akfrdms09!@, algorithm:sha256 (SHA256 MessageDigest not available)
[2023-03-28 08:56:57] at /myweb/login.jsp
{Malgn.encrypt} str:akfrdms09!@, algorithm:sha256 (SHA256 MessageDigest not available)
[2023-03-28 08:58:12] at /myweb/login.jsp
{Malgn.encrypt} str:akfrmds09!@, algorithm:sha256 (SHA256 MessageDigest not available)
[2023-03-28 08:58:17] at /myweb/login.jsp
{Malgn.encrypt} str:akfrdms09!@, algorithm:sha256 (SHA256 MessageDigest not available)
[2023-03-28 11:25:07] at /myweb/login.jsp
{DB.query} SELECT * FROM TB_USER WHERE login_id = 'ad AND type = 'A' => You have an error in your SQL syntax; check the manual that corresponds to your MySQL server version for the right syntax to use near 'A'' at line 1 (You have an error in your SQL syntax; check the manual that corresponds to your MySQL server version for the right syntax to use near 'A'' at line 1)
[2023-03-28 11:25:13] at /myweb/login.jsp
{DB.query} SELECT * FROM TB_USER WHERE login_id = 'admin AND type = 'A' => You have an error in your SQL syntax; check the manual that corresponds to your MySQL server version for the right syntax to use near 'A'' at line 1 (You have an error in your SQL syntax; check the manual that corresponds to your MySQL server version for the right syntax to use near 'A'' at line 1)
[2023-03-28 11:25:15] at /myweb/login.jsp
{DB.query} SELECT * FROM TB_USER WHERE login_id = 'admin AND type = 'A' => You have an error in your SQL syntax; check the manual that corresponds to your MySQL server version for the right syntax to use near 'A'' at line 1 (You have an error in your SQL syntax; check the manual that corresponds to your MySQL server version for the right syntax to use near 'A'' at line 1)
[2023-03-28 11:25:17] at /myweb/login.jsp
{DB.query} SELECT * FROM TB_USER WHERE login_id = 'admin AND type = 'A' => You have an error in your SQL syntax; check the manual that corresponds to your MySQL server version for the right syntax to use near 'A'' at line 1 (You have an error in your SQL syntax; check the manual that corresponds to your MySQL server version for the right syntax to use near 'A'' at line 1)
[2023-03-28 11:25:18] at /myweb/login.jsp
{DB.query} SELECT * FROM TB_USER WHERE login_id = 'admin AND type = 'A' => You have an error in your SQL syntax; check the manual that corresponds to your MySQL server version for the right syntax to use near 'A'' at line 1 (You have an error in your SQL syntax; check the manual that corresponds to your MySQL server version for the right syntax to use near 'A'' at line 1)
[2023-03-28 11:25:20] at /myweb/login.jsp
{DB.query} SELECT * FROM TB_USER WHERE login_id = 'admin AND type = 'A' => You have an error in your SQL syntax; check the manual that corresponds to your MySQL server version for the right syntax to use near 'A'' at line 1 (You have an error in your SQL syntax; check the manual that corresponds to your MySQL server version for the right syntax to use near 'A'' at line 1)
[2023-03-28 11:25:23] at /myweb/login.jsp
{DB.query} SELECT * FROM TB_USER WHERE login_id = 'admin AND type = 'A' => You have an error in your SQL syntax; check the manual that corresponds to your MySQL server version for the right syntax to use near 'A'' at line 1 (You have an error in your SQL syntax; check the manual that corresponds to your MySQL server version for the right syntax to use near 'A'' at line 1)
[2023-03-28 11:26:05] at /myweb/login.jsp
{DB.query} SELECT * FROM TB_USER WHERE login_id = 'admin AND type = 'A' => You have an error in your SQL syntax; check the manual that corresponds to your MySQL server version for the right syntax to use near 'A'' at line 1 (You have an error in your SQL syntax; check the manual that corresponds to your MySQL server version for the right syntax to use near 'A'' at line 1)
[2023-03-28 11:29:04] at /myweb/login.jsp
{DB.query} SELECT * FROM TB_USER WHERE login_id = 'admin AND type = 'A' => You have an error in your SQL syntax; check the manual that corresponds to your MySQL server version for the right syntax to use near 'A'' at line 1 (You have an error in your SQL syntax; check the manual that corresponds to your MySQL server version for the right syntax to use near 'A'' at line 1)
[2023-03-28 11:29:24] at /myweb/login.jsp
{DB.query} SELECT * FROM TB_USER WHERE login_id = 'admin AND type = 'A' => You have an error in your SQL syntax; check the manual that corresponds to your MySQL server version for the right syntax to use near 'A'' at line 1 (You have an error in your SQL syntax; check the manual that corresponds to your MySQL server version for the right syntax to use near 'A'' at line 1)
[2023-03-28 11:29:38] at /myweb/login.jsp
{DB.query} SELECT * FROM TB_USER WHERE login_id = 'admin AND type = 'A' => You have an error in your SQL syntax; check the manual that corresponds to your MySQL server version for the right syntax to use near 'A'' at line 1 (You have an error in your SQL syntax; check the manual that corresponds to your MySQL server version for the right syntax to use near 'A'' at line 1)
