[2023-05-15 11:07:05] at /myweb/login.jsp
 (Key is not 16 bytes or 24 bytes or 32 bytes)
[2023-05-15 11:07:06] at /myweb/index.jsp
 (Key is not 16 bytes or 24 bytes or 32 bytes)
[2023-05-15 11:07:08] at /myweb/user_0list.jsp
 (Key is not 16 bytes or 24 bytes or 32 bytes)
[2023-05-15 11:07:08] at /myweb/user_0list.jsp
{AES.decrypt} value:mobile (Invalid AES key length: 13 bytes)
[2023-05-15 11:07:08] at /myweb/user_0list.jsp
{AES.decrypt} value:mobile (Invalid AES key length: 13 bytes)
[2023-05-15 11:07:08] at /myweb/user_0list.jsp
{AES.decrypt} value:mobile (Invalid AES key length: 13 bytes)
[2023-05-15 11:07:08] at /myweb/user_0list.jsp
{AES.decrypt} value:mobile (Invalid AES key length: 13 bytes)
[2023-05-15 11:07:08] at /myweb/user_0list.jsp
{AES.decrypt} value:mobile (Invalid AES key length: 13 bytes)
[2023-05-15 11:07:08] at /myweb/user_0list.jsp
{AES.decrypt} value:mobile (Invalid AES key length: 13 bytes)
[2023-05-15 11:07:08] at /myweb/user_0list.jsp
{AES.decrypt} value:mobile (Invalid AES key length: 13 bytes)
[2023-05-15 11:07:08] at /myweb/user_0list.jsp
{AES.decrypt} value:mobile (Invalid AES key length: 13 bytes)
[2023-05-15 11:07:08] at /myweb/user_0list.jsp
{AES.decrypt} value:mobile (Invalid AES key length: 13 bytes)
[2023-05-15 11:07:08] at /myweb/user_0list.jsp
{AES.decrypt} value:mobile (Invalid AES key length: 13 bytes)
[2023-05-15 11:07:08] at /myweb/user_0list.jsp
{AES.decrypt} value:mobile (Invalid AES key length: 13 bytes)
[2023-05-15 11:07:08] at /myweb/user_0list.jsp
{AES.decrypt} value:mobile (Invalid AES key length: 13 bytes)
[2023-05-15 11:07:08] at /myweb/user_0list.jsp
{AES.decrypt} value:mobile (Invalid AES key length: 13 bytes)
[2023-05-15 11:07:08] at /myweb/user_0list.jsp
{AES.decrypt} value:mobile (Invalid AES key length: 13 bytes)
[2023-05-15 11:07:08] at /myweb/user_0list.jsp
{AES.decrypt} value:mobile (Invalid AES key length: 13 bytes)
[2023-05-15 11:07:11] at /myweb/user_0insert.jsp
 (Key is not 16 bytes or 24 bytes or 32 bytes)
[2023-05-15 11:07:13] at /myweb/user_0list.jsp
 (Key is not 16 bytes or 24 bytes or 32 bytes)
[2023-05-15 11:07:13] at /myweb/user_0list.jsp
{AES.decrypt} value:mobile (Invalid AES key length: 13 bytes)
[2023-05-15 11:07:13] at /myweb/user_0list.jsp
{AES.decrypt} value:mobile (Invalid AES key length: 13 bytes)
[2023-05-15 11:07:13] at /myweb/user_0list.jsp
{AES.decrypt} value:mobile (Invalid AES key length: 13 bytes)
[2023-05-15 11:07:13] at /myweb/user_0list.jsp
{AES.decrypt} value:mobile (Invalid AES key length: 13 bytes)
[2023-05-15 11:07:17] at /myweb/user_0insert.jsp
 (Key is not 16 bytes or 24 bytes or 32 bytes)
[2023-05-15 11:07:53] at /myweb/user_0insert.jsp
 (Key is not 16 bytes or 24 bytes or 32 bytes)
[2023-05-15 11:07:53] at /myweb/user_0insert.jsp
{AES.encrypt} value:01032399771 (Invalid AES key length: 13 bytes)
[2023-05-15 11:07:53] at /myweb/user_0list.jsp
 (Key is not 16 bytes or 24 bytes or 32 bytes)
[2023-05-15 11:07:53] at /myweb/user_0list.jsp
{AES.decrypt} value:mobile (Invalid AES key length: 13 bytes)
[2023-05-15 11:07:53] at /myweb/user_0list.jsp
{AES.decrypt} value:mobile (Invalid AES key length: 13 bytes)
[2023-05-15 11:07:53] at /myweb/user_0list.jsp
{AES.decrypt} value:mobile (Invalid AES key length: 13 bytes)
[2023-05-15 11:07:53] at /myweb/user_0list.jsp
{AES.decrypt} value:mobile (Invalid AES key length: 13 bytes)
[2023-05-15 11:07:53] at /myweb/user_0list.jsp
{AES.decrypt} value:mobile (Invalid AES key length: 13 bytes)
[2023-05-15 11:07:53] at /myweb/user_0list.jsp
{AES.decrypt} value:mobile (Invalid AES key length: 13 bytes)
[2023-05-15 11:07:53] at /myweb/user_0list.jsp
{AES.decrypt} value:mobile (Invalid AES key length: 13 bytes)
[2023-05-15 11:07:53] at /myweb/user_0list.jsp
{AES.decrypt} value:mobile (Invalid AES key length: 13 bytes)
[2023-05-15 11:07:53] at /myweb/user_0list.jsp
{AES.decrypt} value:mobile (Invalid AES key length: 13 bytes)
[2023-05-15 11:07:53] at /myweb/user_0list.jsp
{AES.decrypt} value:mobile (Invalid AES key length: 13 bytes)
[2023-05-15 11:07:53] at /myweb/user_0list.jsp
{AES.decrypt} value:mobile (Invalid AES key length: 13 bytes)
[2023-05-15 11:07:53] at /myweb/user_0list.jsp
{AES.decrypt} value:mobile (Invalid AES key length: 13 bytes)
[2023-05-15 11:07:53] at /myweb/user_0list.jsp
{AES.decrypt} value:mobile (Invalid AES key length: 13 bytes)
[2023-05-15 11:07:53] at /myweb/user_0list.jsp
{AES.decrypt} value:mobile (Invalid AES key length: 13 bytes)
[2023-05-15 11:07:53] at /myweb/user_0list.jsp
{AES.decrypt} value:mobile (Invalid AES key length: 13 bytes)
[2023-05-15 11:08:12] at /myweb/user_0list.jsp
 (Key is not 16 bytes or 24 bytes or 32 bytes)
[2023-05-15 11:08:12] at /myweb/user_0list.jsp
{AES.decrypt} value:mobile (Invalid AES key length: 13 bytes)
[2023-05-15 11:08:12] at /myweb/user_0list.jsp
{AES.decrypt} value:mobile (Invalid AES key length: 13 bytes)
[2023-05-15 11:08:12] at /myweb/user_0list.jsp
{AES.decrypt} value:mobile (Invalid AES key length: 13 bytes)
[2023-05-15 11:08:12] at /myweb/user_0list.jsp
{AES.decrypt} value:mobile (Invalid AES key length: 13 bytes)
[2023-05-15 11:08:12] at /myweb/user_0list.jsp
{AES.decrypt} value:mobile (Invalid AES key length: 13 bytes)
[2023-05-15 11:08:12] at /myweb/user_0list.jsp
{AES.decrypt} value:mobile (Invalid AES key length: 13 bytes)
[2023-05-15 11:08:12] at /myweb/user_0list.jsp
{AES.decrypt} value:mobile (Invalid AES key length: 13 bytes)
[2023-05-15 11:08:12] at /myweb/user_0list.jsp
{AES.decrypt} value:mobile (Invalid AES key length: 13 bytes)
[2023-05-15 11:08:12] at /myweb/user_0list.jsp
{AES.decrypt} value:mobile (Invalid AES key length: 13 bytes)
[2023-05-15 11:08:12] at /myweb/user_0list.jsp
{AES.decrypt} value:mobile (Invalid AES key length: 13 bytes)
[2023-05-15 11:08:12] at /myweb/user_0list.jsp
{AES.decrypt} value:mobile (Invalid AES key length: 13 bytes)
[2023-05-15 11:08:12] at /myweb/user_0list.jsp
{AES.decrypt} value:mobile (Invalid AES key length: 13 bytes)
[2023-05-15 11:08:12] at /myweb/user_0list.jsp
{AES.decrypt} value:mobile (Invalid AES key length: 13 bytes)
[2023-05-15 11:08:12] at /myweb/user_0list.jsp
{AES.decrypt} value:mobile (Invalid AES key length: 13 bytes)
[2023-05-15 11:08:12] at /myweb/user_0list.jsp
{AES.decrypt} value:mobile (Invalid AES key length: 13 bytes)
[2023-05-15 11:09:19] at /myweb/user_0list.jsp
 (Key is not 16 bytes or 24 bytes or 32 bytes)
[2023-05-15 11:09:19] at /myweb/user_0list.jsp
{AES.decrypt} value: (Invalid AES key length: 13 bytes)
[2023-05-15 11:09:19] at /myweb/user_0list.jsp
{AES.decrypt} value:sdas (Invalid AES key length: 13 bytes)
[2023-05-15 11:09:19] at /myweb/user_0list.jsp
{AES.decrypt} value: (Invalid AES key length: 13 bytes)
[2023-05-15 11:09:19] at /myweb/user_0list.jsp
{AES.decrypt} value: (Invalid AES key length: 13 bytes)
[2023-05-15 11:09:19] at /myweb/user_0list.jsp
{AES.decrypt} value: (Invalid AES key length: 13 bytes)
[2023-05-15 11:09:19] at /myweb/user_0list.jsp
{AES.decrypt} value: (Invalid AES key length: 13 bytes)
[2023-05-15 11:09:19] at /myweb/user_0list.jsp
{AES.decrypt} value: (Invalid AES key length: 13 bytes)
[2023-05-15 11:09:19] at /myweb/user_0list.jsp
{AES.decrypt} value: (Invalid AES key length: 13 bytes)
[2023-05-15 11:09:19] at /myweb/user_0list.jsp
{AES.decrypt} value: (Invalid AES key length: 13 bytes)
[2023-05-15 11:09:19] at /myweb/user_0list.jsp
{AES.decrypt} value: (Invalid AES key length: 13 bytes)
[2023-05-15 11:09:19] at /myweb/user_0list.jsp
{AES.decrypt} value: (Invalid AES key length: 13 bytes)
[2023-05-15 11:09:19] at /myweb/user_0list.jsp
{AES.decrypt} value: (Invalid AES key length: 13 bytes)
[2023-05-15 11:09:19] at /myweb/user_0list.jsp
{AES.decrypt} value: (Invalid AES key length: 13 bytes)
[2023-05-15 11:09:19] at /myweb/user_0list.jsp
{AES.decrypt} value: (Invalid AES key length: 13 bytes)
[2023-05-15 11:09:19] at /myweb/user_0list.jsp
{AES.decrypt} value: (Invalid AES key length: 13 bytes)
[2023-05-15 11:11:42] at /myweb/user_0list.jsp
{AES.decrypt} value:sdas (Input length must be multiple of 16 when decrypting with padded cipher)
[2023-05-15 11:25:34] at /myweb/user_0list.jsp
{AES.decrypt} value:sdas (Input length must be multiple of 16 when decrypting with padded cipher)
[2023-05-15 11:26:10] at /myweb/user_0list.jsp
{AES.decrypt} value:sdas (Input length must be multiple of 16 when decrypting with padded cipher)
[2023-05-15 16:00:09] at /myweb/login.jsp
{Malgn.strToDate(1)} source: (source is blank or null)
[2023-05-15 16:00:09] at /myweb/login.jsp
{Malgn.diffDate} type:I, sdate:, edate:20230515160008 (date is blank or null)
[2023-05-15 16:00:29] at /myweb/login.jsp
{Malgn.strToDate(1)} source: (source is blank or null)
[2023-05-15 16:00:29] at /myweb/login.jsp
{Malgn.diffDate} type:I, sdate:, edate:20230515160029 (date is blank or null)
[2023-05-15 16:01:47] at /myweb/login.jsp
{Malgn.strToDate(1)} source: (source is blank or null)
[2023-05-15 16:01:47] at /myweb/login.jsp
{Malgn.diffDate} type:I, sdate:, edate:20230515160147 (date is blank or null)
[2023-05-15 16:05:40] at /myweb/login.jsp
{Malgn.strToDate(1)} source: (source is blank or null)
[2023-05-15 16:05:40] at /myweb/login.jsp
{Malgn.diffDate} type:I, sdate:, edate:20230515160540 (date is blank or null)
[2023-05-15 16:06:07] at /myweb/login.jsp
{Malgn.strToDate(1)} source: (source is blank or null)
[2023-05-15 16:06:07] at /myweb/login.jsp
{Malgn.diffDate} type:I, sdate:, edate:20230515160607 (date is blank or null)
[2023-05-15 16:25:21] at /myweb/user_0list.jsp
{AES.decrypt} value:sdas (Input length must be multiple of 16 when decrypting with padded cipher)
[2023-05-15 16:43:02] SELECT a.id, a.user_nm, a.mobile FROM TB_USER a LEFT JOIN TB_COURSE_USER b ON a.id = b.user_id WHERE status != -1 ORDER BY id desc LIMIT 0, 15
[2023-05-15 16:43:02] Table 'jsl.TB_COURSE_USER' doesn't exist
[2023-05-15 16:43:02] at /myweb/user_0list.jsp
{DB.query} SELECT a.id, a.user_nm, a.mobile FROM TB_USER a LEFT JOIN TB_COURSE_USER b ON a.id = b.user_id WHERE status != -1 ORDER BY id desc LIMIT 0, 15 => Table 'jsl.TB_COURSE_USER' doesn't exist (Table 'jsl.TB_COURSE_USER' doesn't exist)
