[2023-04-06 09:23:08] at /myweb/login.jsp
{Malgn.strToDate(1)} source: (source is blank or null)
[2023-04-06 09:23:08] at /myweb/login.jsp
{Malgn.diffDate} type:I, sdate:, edate:20230406092308 (date is blank or null)
[2023-04-06 09:23:16] at /myweb/login.jsp
{Malgn.strToDate(1)} source: (source is blank or null)
[2023-04-06 09:23:16] at /myweb/login.jsp
{Malgn.diffDate} type:I, sdate:, edate:20230406092316 (date is blank or null)
[2023-04-06 09:23:33] at /myweb/login.jsp
{Malgn.strToDate(1)} source: (source is blank or null)
[2023-04-06 09:23:33] at /myweb/login.jsp
{Malgn.diffDate} type:I, sdate:, edate:20230406092333 (date is blank or null)
[2023-04-06 09:24:15] at /myweb/login.jsp
{Malgn.strToDate(1)} source: (source is blank or null)
[2023-04-06 09:24:15] at /myweb/login.jsp
{Malgn.diffDate} type:I, sdate:, edate:20230406092415 (date is blank or null)
[2023-04-06 09:26:16] at /myweb/login.jsp
{Malgn.strToDate(1)} source: (source is blank or null)
[2023-04-06 09:26:16] at /myweb/login.jsp
{Malgn.diffDate} type:I, sdate:, edate:20230406092616 (date is blank or null)
[2023-04-06 09:28:54] at /myweb/login.jsp
{Malgn.strToDate(1)} source: (source is blank or null)
[2023-04-06 09:28:54] at /myweb/login.jsp
{Malgn.diffDate} type:I, sdate:, edate:20230406092854 (date is blank or null)
[2023-04-06 14:45:04] at /myweb/login.jsp
{Malgn.strToDate(1)} source: (source is blank or null)
[2023-04-06 14:45:04] at /myweb/login.jsp
{Malgn.diffDate} type:I, sdate:, edate:20230406144504 (date is blank or null)
[2023-04-06 16:00:44] at /myweb/user_0insert.jsp
{DB.executeQuery} SELECT seq FROM tb_sequence WHERE id = 'TB_USER' FOR UPDATE => Table 'jsl.tb_sequence' doesn't exist (Table 'jsl.tb_sequence' doesn't exist)
[2023-04-06 16:00:44] at /myweb/user_0insert.jsp
{DB.executeUpdate} INSERT INTO tb_sequence (id, seq) VALUES ('TB_USER', 1) => Table 'jsl.tb_sequence' doesn't exist (Table 'jsl.tb_sequence' doesn't exist)
[2023-04-06 16:00:44] at /myweb/user_0insert.jsp
{DB.executeQuery} SELECT seq FROM tb_sequence WHERE id = 'TB_USER' FOR UPDATE => Table 'jsl.tb_sequence' doesn't exist (Table 'jsl.tb_sequence' doesn't exist)
[2023-04-06 16:00:44] at /myweb/user_0insert.jsp
{DB.executeUpdate} INSERT INTO tb_sequence (id, seq) VALUES ('TB_USER', 1) => Table 'jsl.tb_sequence' doesn't exist (Table 'jsl.tb_sequence' doesn't exist)
[2023-04-06 16:00:44] at /myweb/user_0insert.jsp
{DB.execute} INSERT INTO TB_USER (user_nm,login_id,password,id) VALUES (?,?,?,?) => Field 'access_token' doesn't have a default value
{user_nm=, login_id=, password=e3b0c44298fc1c149afbf4c8996fb92427ae41e4649b934ca495991b7852b855, id=1} (Field 'access_token' doesn't have a default value)
[2023-04-06 16:01:19] at /myweb/user_0insert.jsp
{DB.executeQuery} SELECT seq FROM tb_sequence WHERE id = 'TB_USER' FOR UPDATE => Table 'jsl.tb_sequence' doesn't exist (Table 'jsl.tb_sequence' doesn't exist)
[2023-04-06 16:01:19] at /myweb/user_0insert.jsp
{DB.executeUpdate} INSERT INTO tb_sequence (id, seq) VALUES ('TB_USER', 1) => Table 'jsl.tb_sequence' doesn't exist (Table 'jsl.tb_sequence' doesn't exist)
[2023-04-06 16:01:19] at /myweb/user_0insert.jsp
{DB.executeQuery} SELECT seq FROM tb_sequence WHERE id = 'TB_USER' FOR UPDATE => Table 'jsl.tb_sequence' doesn't exist (Table 'jsl.tb_sequence' doesn't exist)
[2023-04-06 16:01:19] at /myweb/user_0insert.jsp
{DB.executeUpdate} INSERT INTO tb_sequence (id, seq) VALUES ('TB_USER', 1) => Table 'jsl.tb_sequence' doesn't exist (Table 'jsl.tb_sequence' doesn't exist)
[2023-04-06 16:01:19] at /myweb/user_0insert.jsp
{DB.execute} INSERT INTO TB_USER (user_nm,login_id,password,id) VALUES (?,?,?,?) => Field 'access_token' doesn't have a default value
{user_nm=, login_id=, password=e3b0c44298fc1c149afbf4c8996fb92427ae41e4649b934ca495991b7852b855, id=1} (Field 'access_token' doesn't have a default value)
[2023-04-06 16:03:05] at /myweb/user_0insert.jsp
{DB.executeQuery} SELECT seq FROM tb_sequence WHERE id = 'TB_USER' FOR UPDATE => Table 'jsl.tb_sequence' doesn't exist (Table 'jsl.tb_sequence' doesn't exist)
[2023-04-06 16:03:05] at /myweb/user_0insert.jsp
{DB.executeUpdate} INSERT INTO tb_sequence (id, seq) VALUES ('TB_USER', 1) => Table 'jsl.tb_sequence' doesn't exist (Table 'jsl.tb_sequence' doesn't exist)
[2023-04-06 16:03:05] at /myweb/user_0insert.jsp
{DB.execute} INSERT INTO TB_USER (user_nm,login_id,password,id) VALUES (?,?,?,?) => Field 'access_token' doesn't have a default value
{user_nm=, login_id=, password=e3b0c44298fc1c149afbf4c8996fb92427ae41e4649b934ca495991b7852b855, id=1} (Field 'access_token' doesn't have a default value)
[2023-04-06 16:10:57] at /myweb/user_0insert.jsp
{DB.executeQuery} SELECT seq FROM tb_sequence WHERE id = 'TB_USER' FOR UPDATE => Table 'jsl.tb_sequence' doesn't exist (Table 'jsl.tb_sequence' doesn't exist)
[2023-04-06 16:10:57] at /myweb/user_0insert.jsp
{DB.executeUpdate} INSERT INTO tb_sequence (id, seq) VALUES ('TB_USER', 1) => Table 'jsl.tb_sequence' doesn't exist (Table 'jsl.tb_sequence' doesn't exist)
[2023-04-06 16:10:57] at /myweb/user_0insert.jsp
{DB.execute} INSERT INTO TB_USER (status,user_nm,login_id,password,id,reg_date) VALUES (?,?,?,?,?,?) => Duplicate entry '1' for key 'PRIMARY'
{status=1, user_nm=, login_id=, password=e3b0c44298fc1c149afbf4c8996fb92427ae41e4649b934ca495991b7852b855, id=1, reg_date=20230406161057} (Duplicate entry '1' for key 'PRIMARY')
[2023-04-06 16:34:20] at /myweb/user_0insert.jsp
{DB.executeQuery} SELECT seq FROM tb_sequence WHERE id = 'TB_USER' FOR UPDATE => Table 'jsl.tb_sequence' doesn't exist (Table 'jsl.tb_sequence' doesn't exist)
[2023-04-06 16:34:20] at /myweb/user_0insert.jsp
{DB.executeUpdate} INSERT INTO tb_sequence (id, seq) VALUES ('TB_USER', 1) => Table 'jsl.tb_sequence' doesn't exist (Table 'jsl.tb_sequence' doesn't exist)
[2023-04-06 16:34:20] at /myweb/user_0insert.jsp
{DB.execute} INSERT INTO TB_USER (status,user_nm,login_id,password,id,reg_date) VALUES (?,?,?,?,?,?) => Duplicate entry '1' for key 'PRIMARY'
{status=1, user_nm=유저, login_id=user1, password=2c895aea1625e14b4fba803523995eb49fb29ec830ec58fa99507e0e5e88ddd1, id=1, reg_date=20230406163420} (Duplicate entry '1' for key 'PRIMARY')
[2023-04-06 16:37:53] at /myweb/user_0insert.jsp
{DB.executeQuery} SELECT seq FROM tb_sequence WHERE id = 'TB_USER' FOR UPDATE => Table 'jsl.tb_sequence' doesn't exist (Table 'jsl.tb_sequence' doesn't exist)
[2023-04-06 16:37:53] at /myweb/user_0insert.jsp
{DB.executeUpdate} INSERT INTO tb_sequence (id, seq) VALUES ('TB_USER', 1) => Table 'jsl.tb_sequence' doesn't exist (Table 'jsl.tb_sequence' doesn't exist)
[2023-04-06 16:37:53] at /myweb/user_0insert.jsp
{DB.execute} INSERT INTO TB_USER (status,user_nm,login_id,password,id,reg_date) VALUES (?,?,?,?,?,?) => Duplicate entry '1' for key 'PRIMARY'
{status=1, user_nm=유저, login_id=user1, password=2c895aea1625e14b4fba803523995eb49fb29ec830ec58fa99507e0e5e88ddd1, id=1, reg_date=20230406163753} (Duplicate entry '1' for key 'PRIMARY')
[2023-04-06 16:38:16] at /myweb/user_0insert.jsp
{DB.executeQuery} SELECT seq FROM tb_sequence WHERE id = 'TB_USER' FOR UPDATE => Table 'jsl.tb_sequence' doesn't exist (Table 'jsl.tb_sequence' doesn't exist)
[2023-04-06 16:38:16] at /myweb/user_0insert.jsp
{DB.executeUpdate} INSERT INTO tb_sequence (id, seq) VALUES ('TB_USER', 1) => Table 'jsl.tb_sequence' doesn't exist (Table 'jsl.tb_sequence' doesn't exist)
[2023-04-06 16:38:16] at /myweb/user_0insert.jsp
{DB.execute} INSERT INTO TB_USER (status,user_nm,login_id,password,id,reg_date) VALUES (?,?,?,?,?,?) => Duplicate entry '1' for key 'PRIMARY'
{status=1, user_nm=유저, login_id=user1, password=2c895aea1625e14b4fba803523995eb49fb29ec830ec58fa99507e0e5e88ddd1, id=1, reg_date=20230406163816} (Duplicate entry '1' for key 'PRIMARY')
[2023-04-06 16:39:08] at /myweb/user_0insert.jsp
{DB.executeQuery} SELECT seq FROM tb_sequence WHERE id = 'TB_USER' FOR UPDATE => Table 'jsl.tb_sequence' doesn't exist (Table 'jsl.tb_sequence' doesn't exist)
[2023-04-06 16:39:08] at /myweb/user_0insert.jsp
{DB.executeUpdate} INSERT INTO tb_sequence (id, seq) VALUES ('TB_USER', 1) => Table 'jsl.tb_sequence' doesn't exist (Table 'jsl.tb_sequence' doesn't exist)
[2023-04-06 16:39:08] at /myweb/user_0insert.jsp
{DB.execute} INSERT INTO TB_USER (status,user_nm,login_id,password,id,reg_date) VALUES (?,?,?,?,?,?) => Duplicate entry '1' for key 'PRIMARY'
{status=1, user_nm=유저, login_id=user1, password=2c895aea1625e14b4fba803523995eb49fb29ec830ec58fa99507e0e5e88ddd1, id=1, reg_date=20230406163908} (Duplicate entry '1' for key 'PRIMARY')
[2023-04-06 16:40:29] at /myweb/user_0insert.jsp
{DB.executeQuery} SELECT seq FROM tb_sequence WHERE id = 'TB_USER' FOR UPDATE => Table 'jsl.tb_sequence' doesn't exist (Table 'jsl.tb_sequence' doesn't exist)
[2023-04-06 16:40:29] at /myweb/user_0insert.jsp
{DB.executeUpdate} INSERT INTO tb_sequence (id, seq) VALUES ('TB_USER', 1) => Table 'jsl.tb_sequence' doesn't exist (Table 'jsl.tb_sequence' doesn't exist)
[2023-04-06 16:40:29] at /myweb/user_0insert.jsp
{DB.execute} INSERT INTO TB_USER (status,user_nm,login_id,password,id,reg_date) VALUES (?,?,?,?,?,?) => Duplicate entry '1' for key 'PRIMARY'
{status=1, user_nm=유저, login_id=user1, password=2c895aea1625e14b4fba803523995eb49fb29ec830ec58fa99507e0e5e88ddd1, id=1, reg_date=20230406164029} (Duplicate entry '1' for key 'PRIMARY')
[2023-04-06 16:42:25] at /myweb/user_0insert.jsp
{DB.executeQuery} SELECT seq FROM tb_sequence WHERE id = 'TB_USER' FOR UPDATE => Table 'jsl.tb_sequence' doesn't exist (Table 'jsl.tb_sequence' doesn't exist)
[2023-04-06 16:42:25] at /myweb/user_0insert.jsp
{DB.executeUpdate} INSERT INTO tb_sequence (id, seq) VALUES ('TB_USER', 1) => Table 'jsl.tb_sequence' doesn't exist (Table 'jsl.tb_sequence' doesn't exist)
[2023-04-06 16:42:47] at /myweb/user_0insert.jsp
{DB.executeQuery} SELECT seq FROM tb_sequence WHERE id = 'TB_USER' FOR UPDATE => Table 'jsl.tb_sequence' doesn't exist (Table 'jsl.tb_sequence' doesn't exist)
[2023-04-06 16:42:47] at /myweb/user_0insert.jsp
{DB.executeUpdate} INSERT INTO tb_sequence (id, seq) VALUES ('TB_USER', 1) => Table 'jsl.tb_sequence' doesn't exist (Table 'jsl.tb_sequence' doesn't exist)
[2023-04-06 16:42:47] at /myweb/user_0insert.jsp
{DB.execute} INSERT INTO TB_USER (status,user_nm,login_id,password,type,id,reg_date) VALUES (?,?,?,?,?,?,?) => Duplicate entry '1' for key 'PRIMARY'
{status=1, user_nm=관리자, login_id=admin2, password=2c895aea1625e14b4fba803523995eb49fb29ec830ec58fa99507e0e5e88ddd1, type=A, id=1, reg_date=20230406164247} (Duplicate entry '1' for key 'PRIMARY')
[2023-04-06 16:43:05] at /myweb/user_0insert.jsp
{DB.executeQuery} SELECT seq FROM tb_sequence WHERE id = 'TB_USER' FOR UPDATE => Table 'jsl.tb_sequence' doesn't exist (Table 'jsl.tb_sequence' doesn't exist)
[2023-04-06 16:43:05] at /myweb/user_0insert.jsp
{DB.executeUpdate} INSERT INTO tb_sequence (id, seq) VALUES ('TB_USER', 1) => Table 'jsl.tb_sequence' doesn't exist (Table 'jsl.tb_sequence' doesn't exist)
[2023-04-06 16:43:05] at /myweb/user_0insert.jsp
{DB.execute} INSERT INTO TB_USER (status,user_nm,login_id,password,type,id,reg_date) VALUES (?,?,?,?,?,?,?) => Duplicate entry '1' for key 'PRIMARY'
{status=1, user_nm=관리자, login_id=admin2, password=2c895aea1625e14b4fba803523995eb49fb29ec830ec58fa99507e0e5e88ddd1, type=A, id=1, reg_date=20230406164305} (Duplicate entry '1' for key 'PRIMARY')
[2023-04-06 16:45:16] at /myweb/user_0insert.jsp
{DB.executeQuery} SELECT seq FROM tb_sequence WHERE id = 'TB_USER' FOR UPDATE => Table 'jsl.tb_sequence' doesn't exist (Table 'jsl.tb_sequence' doesn't exist)
[2023-04-06 16:45:16] at /myweb/user_0insert.jsp
{DB.executeUpdate} INSERT INTO tb_sequence (id, seq) VALUES ('TB_USER', 1) => Table 'jsl.tb_sequence' doesn't exist (Table 'jsl.tb_sequence' doesn't exist)
[2023-04-06 16:45:16] at /myweb/user_0insert.jsp
{DB.execute} INSERT INTO TB_USER (status,user_nm,login_id,password,type,id,reg_date) VALUES (?,?,?,?,?,?,?) => Duplicate entry '1' for key 'PRIMARY'
{status=1, user_nm=asd, login_id=asd, password=54d5cb2d332dbdb4850293caae4559ce88b65163f1ea5d4e4b3ac49d772ded14, type=A, id=1, reg_date=20230406164516} (Duplicate entry '1' for key 'PRIMARY')
[2023-04-06 16:48:05] at /myweb/login.jsp
{Malgn.strToDate(1)} source: (source is blank or null)
[2023-04-06 16:48:05] at /myweb/login.jsp
{Malgn.diffDate} type:I, sdate:, edate:20230406164805 (date is blank or null)
[2023-04-06 16:50:06] at /myweb/login.jsp
{Malgn.strToDate(1)} source: (source is blank or null)
[2023-04-06 16:50:06] at /myweb/login.jsp
{Malgn.diffDate} type:I, sdate:, edate:20230406165006 (date is blank or null)
[2023-04-06 16:50:38] at /myweb/user_0insert.jsp
{DB.executeQuery} SELECT seq FROM tb_sequence WHERE id = 'TB_USER' FOR UPDATE => Table 'jsl.tb_sequence' doesn't exist (Table 'jsl.tb_sequence' doesn't exist)
[2023-04-06 16:50:38] at /myweb/user_0insert.jsp
{DB.executeUpdate} INSERT INTO tb_sequence (id, seq) VALUES ('TB_USER', 1) => Table 'jsl.tb_sequence' doesn't exist (Table 'jsl.tb_sequence' doesn't exist)
[2023-04-06 16:50:38] at /myweb/user_0insert.jsp
{DB.execute} INSERT INTO TB_USER (status,user_nm,login_id,password,type,id,reg_date) VALUES (?,?,?,?,?,?,?) => Duplicate entry '1' for key 'PRIMARY'
{status=1, user_nm=맑은, login_id=malgn, password=2c895aea1625e14b4fba803523995eb49fb29ec830ec58fa99507e0e5e88ddd1, type=A, id=1, reg_date=20230406165038} (Duplicate entry '1' for key 'PRIMARY')
[2023-04-06 16:52:40] at /myweb/user_0insert.jsp
{DB.executeQuery} SELECT seq FROM tb_sequence WHERE id = 'TB_USER' FOR UPDATE => Table 'jsl.tb_sequence' doesn't exist (Table 'jsl.tb_sequence' doesn't exist)
[2023-04-06 16:52:40] at /myweb/user_0insert.jsp
{DB.executeUpdate} INSERT INTO tb_sequence (id, seq) VALUES ('TB_USER', 1) => Table 'jsl.tb_sequence' doesn't exist (Table 'jsl.tb_sequence' doesn't exist)
[2023-04-06 16:52:40] at /myweb/user_0insert.jsp
{DB.execute} INSERT INTO TB_USER (status,user_nm,login_id,password,type,id,reg_date) VALUES (?,?,?,?,?,?,?) => Duplicate entry '1' for key 'PRIMARY'
{status=1, user_nm=맑은, login_id=malgn, password=2c895aea1625e14b4fba803523995eb49fb29ec830ec58fa99507e0e5e88ddd1, type=A, id=1, reg_date=20230406165240} (Duplicate entry '1' for key 'PRIMARY')
[2023-04-06 16:52:51] at /myweb/user_0insert.jsp
{DB.executeQuery} SELECT seq FROM tb_sequence WHERE id = 'TB_USER' FOR UPDATE => Table 'jsl.tb_sequence' doesn't exist (Table 'jsl.tb_sequence' doesn't exist)
[2023-04-06 16:52:51] at /myweb/user_0insert.jsp
{DB.executeUpdate} INSERT INTO tb_sequence (id, seq) VALUES ('TB_USER', 1) => Table 'jsl.tb_sequence' doesn't exist (Table 'jsl.tb_sequence' doesn't exist)
[2023-04-06 16:52:51] at /myweb/user_0insert.jsp
{DB.execute} INSERT INTO TB_USER (status,user_nm,login_id,password,type,id,reg_date) VALUES (?,?,?,?,?,?,?) => Duplicate entry '1' for key 'PRIMARY'
{status=1, user_nm=맑은, login_id=malgn, password=2c895aea1625e14b4fba803523995eb49fb29ec830ec58fa99507e0e5e88ddd1, type=A, id=1, reg_date=20230406165251} (Duplicate entry '1' for key 'PRIMARY')
[2023-04-06 16:54:18] at /myweb/user_0insert.jsp
{DB.executeQuery} SELECT seq FROM tb_sequence WHERE id = 'TB_USER' FOR UPDATE => Table 'jsl.tb_sequence' doesn't exist (Table 'jsl.tb_sequence' doesn't exist)
[2023-04-06 16:54:18] at /myweb/user_0insert.jsp
{DB.executeUpdate} INSERT INTO tb_sequence (id, seq) VALUES ('TB_USER', 1) => Table 'jsl.tb_sequence' doesn't exist (Table 'jsl.tb_sequence' doesn't exist)
[2023-04-06 16:54:18] at /myweb/user_0insert.jsp
{DB.execute} INSERT INTO TB_USER (status,user_nm,login_id,password,type,id,reg_date) VALUES (?,?,?,?,?,?,?) => Duplicate entry '1' for key 'PRIMARY'
{status=1, user_nm=맑은, login_id=malgn, password=2c895aea1625e14b4fba803523995eb49fb29ec830ec58fa99507e0e5e88ddd1, type=A, id=1, reg_date=20230406165418} (Duplicate entry '1' for key 'PRIMARY')
[2023-04-06 16:55:01] at /myweb/user_0insert.jsp
{DB.executeQuery} SELECT seq FROM tb_sequence WHERE id = 'TB_USER' FOR UPDATE => Table 'jsl.tb_sequence' doesn't exist (Table 'jsl.tb_sequence' doesn't exist)
[2023-04-06 16:55:01] at /myweb/user_0insert.jsp
{DB.executeUpdate} INSERT INTO tb_sequence (id, seq) VALUES ('TB_USER', 1) => Table 'jsl.tb_sequence' doesn't exist (Table 'jsl.tb_sequence' doesn't exist)
[2023-04-06 16:55:01] at /myweb/user_0insert.jsp
{DB.execute} INSERT INTO TB_USER (status,user_nm,login_id,password,type,id,reg_date) VALUES (?,?,?,?,?,?,?) => Duplicate entry '1' for key 'PRIMARY'
{status=1, user_nm=asd, login_id=asd, password=688787d8ff144c502c7f5cffaafe2cc588d86079f9de88304c26b0cb99ce91c6, type=A, id=1, reg_date=20230406165501} (Duplicate entry '1' for key 'PRIMARY')
