[2023-04-07 09:08:14] at /myweb/login.jsp
{Malgn.strToDate(1)} source: (source is blank or null)
[2023-04-07 09:08:14] at /myweb/login.jsp
{Malgn.diffDate} type:I, sdate:, edate:20230407090814 (date is blank or null)
[2023-04-07 10:14:33] at /myweb/user_0insert.jsp
{DB.executeQuery} SELECT seq FROM tb_sequence WHERE id = 'TB_USER' FOR UPDATE => Table 'jsl.tb_sequence' doesn't exist (Table 'jsl.tb_sequence' doesn't exist)
[2023-04-07 10:14:33] at /myweb/user_0insert.jsp
{DB.executeUpdate} INSERT INTO tb_sequence (id, seq) VALUES ('TB_USER', 1) => Table 'jsl.tb_sequence' doesn't exist (Table 'jsl.tb_sequence' doesn't exist)
[2023-04-07 10:14:33] at /myweb/user_0insert.jsp
{DB.execute} INSERT INTO TB_USER (status,user_nm,login_id,password,type,id,reg_date) VALUES (?,?,?,?,?,?,?) => Duplicate entry '1' for key 'PRIMARY'
{status=1, user_nm=관리자, login_id=admin2, password=2c895aea1625e14b4fba803523995eb49fb29ec830ec58fa99507e0e5e88ddd1, type=A, id=1, reg_date=20230407101433} (Duplicate entry '1' for key 'PRIMARY')
[2023-04-07 10:23:23] at /myweb/login.jsp
{Malgn.strToDate(1)} source: (source is blank or null)
[2023-04-07 10:23:23] at /myweb/login.jsp
{Malgn.diffDate} type:I, sdate:, edate:20230407102323 (date is blank or null)
[2023-04-07 10:23:28] at /myweb/login.jsp
{Malgn.strToDate(1)} source: (source is blank or null)
[2023-04-07 10:23:28] at /myweb/login.jsp
{Malgn.diffDate} type:I, sdate:, edate:20230407102328 (date is blank or null)
[2023-04-07 10:23:48] at /myweb/login.jsp
{Malgn.strToDate(1)} source: (source is blank or null)
[2023-04-07 10:23:48] at /myweb/login.jsp
{Malgn.diffDate} type:I, sdate:, edate:20230407102348 (date is blank or null)
[2023-04-07 10:24:04] at /myweb/login.jsp
{Malgn.strToDate(1)} source: (source is blank or null)
[2023-04-07 10:24:04] at /myweb/login.jsp
{Malgn.diffDate} type:I, sdate:, edate:20230407102404 (date is blank or null)
[2023-04-07 10:24:46] at /myweb/login.jsp
{Malgn.strToDate(1)} source: (source is blank or null)
[2023-04-07 10:24:46] at /myweb/login.jsp
{Malgn.diffDate} type:I, sdate:, edate:20230407102446 (date is blank or null)
[2023-04-07 10:27:21] at /myweb/login.jsp
{Malgn.strToDate(1)} source: (source is blank or null)
[2023-04-07 10:27:21] at /myweb/login.jsp
{Malgn.diffDate} type:I, sdate:, edate:20230407102721 (date is blank or null)
[2023-04-07 10:27:43] at /myweb/login.jsp
{Malgn.strToDate(1)} source: (source is blank or null)
[2023-04-07 10:27:43] at /myweb/login.jsp
{Malgn.diffDate} type:I, sdate:, edate:20230407102743 (date is blank or null)
[2023-04-07 10:28:46] at /myweb/login.jsp
{Malgn.strToDate(1)} source: (source is blank or null)
[2023-04-07 10:28:46] at /myweb/login.jsp
{Malgn.diffDate} type:I, sdate:, edate:20230407102846 (date is blank or null)
[2023-04-07 13:21:36] at /myweb/login.jsp
{Malgn.strToDate(1)} source: (source is blank or null)
[2023-04-07 13:21:36] at /myweb/login.jsp
{Malgn.diffDate} type:I, sdate:, edate:20230407132136 (date is blank or null)
[2023-04-07 13:21:54] at /myweb/login.jsp
{Malgn.strToDate(1)} source: (source is blank or null)
[2023-04-07 13:21:54] at /myweb/login.jsp
{Malgn.diffDate} type:I, sdate:, edate:20230407132154 (date is blank or null)
[2023-04-07 13:35:29] at /myweb/login.jsp
{Malgn.strToDate(1)} source: (source is blank or null)
[2023-04-07 13:35:29] at /myweb/login.jsp
{Malgn.diffDate} type:I, sdate:, edate:20230407133529 (date is blank or null)
[2023-04-07 13:35:37] at /myweb/login.jsp
{Malgn.strToDate(1)} source: (source is blank or null)
[2023-04-07 13:35:37] at /myweb/login.jsp
{Malgn.diffDate} type:I, sdate:, edate:20230407133537 (date is blank or null)
[2023-04-07 13:35:47] at /myweb/login.jsp
{Malgn.strToDate(1)} source: (source is blank or null)
[2023-04-07 13:35:47] at /myweb/login.jsp
{Malgn.diffDate} type:I, sdate:, edate:20230407133547 (date is blank or null)
[2023-04-07 13:43:29] at /myweb/login.jsp
{Malgn.strToDate(1)} source: (source is blank or null)
[2023-04-07 13:43:29] at /myweb/login.jsp
{Malgn.diffDate} type:I, sdate:, edate:20230407134329 (date is blank or null)
[2023-04-07 13:44:09] at /myweb/user_0insert.jsp
{DB.execute} INSERT INTO TB_USER (status,user_nm,login_id,password,id,reg_date) VALUES (?,?,?,?,?,?) => Duplicate entry '1' for key 'PRIMARY'
{status=1, user_nm=뉴유저, login_id=newuser, password=2c895aea1625e14b4fba803523995eb49fb29ec830ec58fa99507e0e5e88ddd1, id=1, reg_date=20230407134408} (Duplicate entry '1' for key 'PRIMARY')
